[2019-12-11T11:36:27.371] [DEBUG] cheese - login => username:admit,password:123456
[2019-12-11T11:36:27.373] [DEBUG] cheese - admit
[2019-12-11T11:36:27.383] [DEBUG] cheese - null
[2019-12-11T11:36:27.383] [DEBUG] cheese - null
[2019-12-11T11:37:27.358] [DEBUG] cheese - login => username:admin,password:123456
[2019-12-11T11:37:27.358] [DEBUG] cheese - admin
[2019-12-11T11:37:27.366] [DEBUG] cheese - null
[2019-12-11T11:37:27.366] [DEBUG] cheese - null
[2019-12-12T10:39:41.671] [DEBUG] cheese - login => username:123,password:123
[2019-12-12T10:39:41.672] [DEBUG] cheese - 123
[2019-12-12T10:39:41.771] [DEBUG] cheese - null
[2019-12-12T10:39:41.772] [DEBUG] cheese - null
[2019-12-12T10:43:21.045] [DEBUG] cheese - login => username:123,password:123
[2019-12-12T10:43:21.045] [DEBUG] cheese - 123
[2019-12-12T10:43:21.050] [DEBUG] cheese - null
[2019-12-12T10:43:21.050] [DEBUG] cheese - null
[2019-12-12T10:44:38.954] [DEBUG] cheese - login => username:123,password:123
[2019-12-12T10:44:38.955] [DEBUG] cheese - 123
[2019-12-12T10:44:38.957] [DEBUG] cheese - null
[2019-12-12T10:44:38.957] [DEBUG] cheese - null
[2019-12-12T10:45:33.845] [DEBUG] cheese - login => username:123,password:123
[2019-12-12T10:45:33.845] [DEBUG] cheese - 123
[2019-12-12T10:45:33.847] [DEBUG] cheese - null
[2019-12-12T10:45:33.847] [DEBUG] cheese - null
[2019-12-12T10:51:37.165] [DEBUG] cheese - login => username:111,password:2222
[2019-12-12T10:51:37.165] [DEBUG] cheese - 111
[2019-12-12T10:51:37.171] [DEBUG] cheese - null
[2019-12-12T10:51:37.171] [DEBUG] cheese - null
[2019-12-12T10:51:53.120] [DEBUG] cheese - login => username:111,password:111
[2019-12-12T10:51:53.120] [DEBUG] cheese - 111
[2019-12-12T10:51:53.146] [DEBUG] cheese - null
[2019-12-12T10:51:53.146] [DEBUG] cheese - null
[2019-12-12T10:52:57.561] [DEBUG] cheese - login => username:11,password:111
[2019-12-12T10:52:57.561] [DEBUG] cheese - 11
[2019-12-12T10:52:57.563] [DEBUG] cheese - null
[2019-12-12T10:52:57.563] [DEBUG] cheese - null
[2019-12-12T10:55:25.826] [DEBUG] cheese - login => username:111,password:222
[2019-12-12T10:55:25.826] [DEBUG] cheese - 111
[2019-12-12T10:55:25.830] [DEBUG] cheese - null
[2019-12-12T10:55:25.830] [DEBUG] cheese - null
[2019-12-12T11:28:00.588] [DEBUG] cheese - login => username:123,password:123
[2019-12-12T11:28:00.588] [DEBUG] cheese - 123
[2019-12-12T11:28:00.593] [DEBUG] cheese - null
[2019-12-12T11:28:00.593] [DEBUG] cheese - null
[2019-12-12T11:28:14.497] [DEBUG] cheese - login => username:admin,password:123456
[2019-12-12T11:28:14.497] [DEBUG] cheese - admin
[2019-12-12T11:28:14.501] [DEBUG] cheese - null
[2019-12-12T11:28:14.501] [DEBUG] cheese - null
[2019-12-12T11:30:36.843] [DEBUG] cheese - login => username:admin,password:123456
[2019-12-12T11:30:36.843] [DEBUG] cheese - admin
[2019-12-12T11:30:36.848] [DEBUG] cheese - null
[2019-12-12T11:30:36.848] [DEBUG] cheese - null
[2019-12-12T11:32:23.972] [DEBUG] cheese - login => username:admin,password:123456
[2019-12-12T11:32:23.972] [DEBUG] cheese - admin
[2019-12-12T11:32:23.975] [DEBUG] cheese - null
[2019-12-12T11:32:23.975] [DEBUG] cheese - null
[2019-12-12T11:44:02.129] [DEBUG] cheese - login => username:admin,password:12345
[2019-12-12T11:44:02.130] [DEBUG] cheese - admin
[2019-12-12T11:44:02.134] [DEBUG] cheese - null
[2019-12-12T11:44:02.134] [DEBUG] cheese - null
[2019-12-12T11:44:08.504] [DEBUG] cheese - login => username:admin,password:123456
[2019-12-12T11:44:08.505] [DEBUG] cheese - admin
[2019-12-12T11:44:08.507] [DEBUG] cheese - null
[2019-12-12T11:44:08.507] [DEBUG] cheese - null
[2019-12-12T14:10:01.779] [DEBUG] cheese - login => username:admin,password:123456
[2019-12-12T14:10:01.780] [DEBUG] cheese - admin
[2019-12-12T14:10:01.785] [DEBUG] cheese - null
[2019-12-12T14:10:01.785] [DEBUG] cheese - null
[2019-12-12T14:10:38.695] [DEBUG] cheese - login => username:admin,password:123456
[2019-12-12T14:10:38.695] [DEBUG] cheese - admin
[2019-12-12T14:10:38.698] [DEBUG] cheese - null
[2019-12-12T14:10:38.699] [DEBUG] cheese - null
[2019-12-12T14:12:04.990] [DEBUG] cheese - login => username:admin,password:123456
[2019-12-12T14:12:04.990] [DEBUG] cheese - admin
[2019-12-12T14:12:04.992] [DEBUG] cheese - null
[2019-12-12T14:12:04.992] [DEBUG] cheese - null
[2019-12-12T14:13:17.287] [DEBUG] cheese - login => username:admin,password:123456
[2019-12-12T14:13:17.287] [DEBUG] cheese - admin
[2019-12-12T14:13:17.289] [DEBUG] cheese - null
[2019-12-12T14:13:17.289] [DEBUG] cheese - null
[2019-12-12T14:14:39.534] [DEBUG] cheese - login => username:admin,password:123456
[2019-12-12T14:14:39.534] [DEBUG] cheese - admin
[2019-12-12T14:14:39.536] [DEBUG] cheese - null
[2019-12-12T14:14:39.536] [DEBUG] cheese - null
[2019-12-12T14:46:39.911] [DEBUG] cheese - login => username:admin,password:123456
[2019-12-12T14:46:39.911] [DEBUG] cheese - admin
[2019-12-12T14:46:39.917] [DEBUG] cheese - null
[2019-12-12T14:46:39.917] [DEBUG] cheese - null
[2019-12-12T15:19:50.156] [DEBUG] cheese - login => username:admin,password:123456
[2019-12-12T15:19:50.157] [DEBUG] cheese - admin
[2019-12-12T15:19:50.162] [DEBUG] cheese - null
[2019-12-12T15:19:50.162] [DEBUG] cheese - null
[2019-12-12T15:31:59.445] [DEBUG] cheese - login => username:admin,password:123456
[2019-12-12T15:31:59.445] [DEBUG] cheese - admin
[2019-12-12T15:31:59.451] [DEBUG] cheese - null
[2019-12-12T15:31:59.451] [DEBUG] cheese - null
[2019-12-12T15:34:23.309] [DEBUG] cheese - login => username:admin,password:123456
[2019-12-12T15:34:23.309] [DEBUG] cheese - admin
[2019-12-12T15:34:23.314] [DEBUG] cheese - null
[2019-12-12T15:34:23.315] [DEBUG] cheese - null
[2019-12-12T15:40:20.927] [DEBUG] cheese - login => username:admin,password:123456
[2019-12-12T15:40:20.927] [DEBUG] cheese - admin
[2019-12-12T15:40:20.932] [DEBUG] cheese - null
[2019-12-12T15:40:20.933] [DEBUG] cheese - null
[2019-12-12T15:41:33.219] [DEBUG] cheese - login => username:admin,password:123456
[2019-12-12T15:41:33.219] [DEBUG] cheese - admin
[2019-12-12T15:41:33.222] [DEBUG] cheese - null
[2019-12-12T15:41:33.222] [DEBUG] cheese - null
[2019-12-12T15:42:03.107] [DEBUG] cheese - login => username:admin,password:123456
[2019-12-12T15:42:03.107] [DEBUG] cheese - admin
[2019-12-12T15:42:03.110] [DEBUG] cheese - null
[2019-12-12T15:42:03.110] [DEBUG] cheese - null
[2019-12-12T16:08:17.410] [DEBUG] cheese - login => username:amdin,password:123456
[2019-12-12T16:08:17.410] [DEBUG] cheese - amdin
[2019-12-12T16:08:17.415] [DEBUG] cheese - null
[2019-12-12T16:08:17.415] [DEBUG] cheese - null
[2019-12-12T16:08:34.747] [DEBUG] cheese - login => username:admin,password:123456
[2019-12-12T16:08:34.748] [DEBUG] cheese - admin
[2019-12-12T16:08:34.750] [DEBUG] cheese - null
[2019-12-12T16:08:34.750] [DEBUG] cheese - null
[2019-12-12T16:09:34.955] [DEBUG] cheese - login => username:admin,password:12345
[2019-12-12T16:09:34.955] [DEBUG] cheese - admin
[2019-12-12T16:09:34.957] [DEBUG] cheese - null
[2019-12-12T16:09:34.957] [DEBUG] cheese - null
[2019-12-12T16:09:36.503] [DEBUG] cheese - login => username:admin,password:123456
[2019-12-12T16:09:36.503] [DEBUG] cheese - admin
[2019-12-12T16:09:36.506] [DEBUG] cheese - null
[2019-12-12T16:09:36.506] [DEBUG] cheese - null
[2019-12-12T16:13:57.900] [DEBUG] cheese - login => username:admin,password:12345
[2019-12-12T16:13:57.900] [DEBUG] cheese - admin
[2019-12-12T16:13:57.905] [DEBUG] cheese - null
[2019-12-12T16:13:57.905] [DEBUG] cheese - null
[2019-12-12T16:14:02.310] [DEBUG] cheese - login => username:admin,password:123456
[2019-12-12T16:14:02.311] [DEBUG] cheese - admin
[2019-12-12T16:14:02.313] [DEBUG] cheese - null
[2019-12-12T16:14:02.313] [DEBUG] cheese - null
[2019-12-12T16:47:25.675] [DEBUG] cheese - login => username:admin,password:12345
[2019-12-12T16:47:25.675] [DEBUG] cheese - admin
[2019-12-12T16:47:25.680] [DEBUG] cheese - null
[2019-12-12T16:47:25.680] [DEBUG] cheese - null
[2019-12-12T17:08:54.538] [DEBUG] cheese - login => username:admin,password:123456
[2019-12-12T17:08:54.538] [DEBUG] cheese - admin
[2019-12-12T17:08:54.543] [DEBUG] cheese - null
[2019-12-12T17:08:54.543] [DEBUG] cheese - null
[2019-12-12T17:10:59.825] [DEBUG] cheese - login => username:admin,password:123456
[2019-12-12T17:10:59.825] [DEBUG] cheese - admin
[2019-12-12T17:10:59.828] [DEBUG] cheese - null
[2019-12-12T17:10:59.828] [DEBUG] cheese - null
[2019-12-12T17:14:50.985] [DEBUG] cheese - login => username:admin,password:123456
[2019-12-12T17:14:50.985] [DEBUG] cheese - admin
[2019-12-12T17:14:50.990] [DEBUG] cheese - null
[2019-12-12T17:14:50.990] [DEBUG] cheese - null
[2019-12-12T17:17:19.098] [DEBUG] cheese - login => username:admin,password:123456
[2019-12-12T17:17:19.098] [DEBUG] cheese - admin
[2019-12-12T17:17:19.102] [DEBUG] cheese - null
[2019-12-12T17:17:19.102] [DEBUG] cheese - null
[2019-12-12T17:17:44.011] [DEBUG] cheese - login => username:admin,password:123456
[2019-12-12T17:17:44.011] [DEBUG] cheese - admin
[2019-12-12T17:17:44.013] [DEBUG] cheese - null
[2019-12-12T17:17:44.013] [DEBUG] cheese - null
[2019-12-12T17:19:00.906] [DEBUG] cheese - login => username:admin,password:12345
[2019-12-12T17:19:00.906] [DEBUG] cheese - admin
[2019-12-12T17:19:00.908] [DEBUG] cheese - null
[2019-12-12T17:19:00.908] [DEBUG] cheese - null
[2019-12-12T17:19:04.973] [DEBUG] cheese - login => username:admin,password:123456
[2019-12-12T17:19:04.973] [DEBUG] cheese - admin
[2019-12-12T17:19:04.976] [DEBUG] cheese - null
[2019-12-12T17:19:04.976] [DEBUG] cheese - null
[2019-12-13T08:41:59.800] [DEBUG] cheese - login => username:admin,password:123456
[2019-12-13T08:41:59.801] [DEBUG] cheese - admin
[2019-12-13T08:41:59.859] [DEBUG] cheese - null
[2019-12-13T08:41:59.859] [DEBUG] cheese - null
[2019-12-13T08:51:34.737] [DEBUG] cheese - login => username:admin,password:123456
[2019-12-13T08:51:34.738] [DEBUG] cheese - admin
[2019-12-13T08:51:34.743] [DEBUG] cheese - null
[2019-12-13T08:51:34.744] [DEBUG] cheese - null
[2019-12-13T09:18:53.474] [DEBUG] cheese - login => username:admin,password:123456
[2019-12-13T09:18:53.474] [DEBUG] cheese - admin
[2019-12-13T09:18:53.479] [DEBUG] cheese - null
[2019-12-13T09:18:53.480] [DEBUG] cheese - null
[2019-12-13T09:19:17.402] [DEBUG] cheese - login => username:admin,password:12345
[2019-12-13T09:19:17.402] [DEBUG] cheese - admin
[2019-12-13T09:19:17.404] [DEBUG] cheese - null
[2019-12-13T09:19:17.404] [DEBUG] cheese - null
[2019-12-13T09:19:22.141] [DEBUG] cheese - login => username:admin,password:123456
[2019-12-13T09:19:22.142] [DEBUG] cheese - admin
[2019-12-13T09:19:22.143] [DEBUG] cheese - null
[2019-12-13T09:19:22.144] [DEBUG] cheese - null
[2019-12-13T09:30:38.201] [DEBUG] cheese - login => username:admin,password:123456
[2019-12-13T09:30:38.202] [DEBUG] cheese - admin
[2019-12-13T09:30:38.206] [DEBUG] cheese - null
[2019-12-13T09:30:38.206] [DEBUG] cheese - null
[2019-12-13T09:31:26.488] [DEBUG] cheese - login => username:admin,password:admin
[2019-12-13T09:31:26.488] [DEBUG] cheese - admin
[2019-12-13T09:31:26.491] [DEBUG] cheese - null
[2019-12-13T09:31:26.491] [DEBUG] cheese - null
[2019-12-13T09:31:30.364] [DEBUG] cheese - login => username:admin,password:admin6
[2019-12-13T09:31:30.364] [DEBUG] cheese - admin
[2019-12-13T09:31:30.366] [DEBUG] cheese - null
[2019-12-13T09:31:30.366] [DEBUG] cheese - null
[2019-12-13T09:31:35.358] [DEBUG] cheese - login => username:admin,password:123456
[2019-12-13T09:31:35.359] [DEBUG] cheese - admin
[2019-12-13T09:31:35.361] [DEBUG] cheese - null
[2019-12-13T09:31:35.361] [DEBUG] cheese - null
[2019-12-13T10:37:38.656] [DEBUG] cheese - login => username:admin,password:123456
[2019-12-13T10:37:38.656] [DEBUG] cheese - admin
[2019-12-13T10:37:38.660] [DEBUG] cheese - null
[2019-12-13T10:37:38.660] [DEBUG] cheese - null
[2019-12-13T13:39:35.243] [DEBUG] cheese - login => username:admin,password:123456
[2019-12-13T13:39:35.243] [DEBUG] cheese - admin
[2019-12-13T13:39:35.250] [DEBUG] cheese - null
[2019-12-13T13:39:35.251] [DEBUG] cheese - null
[2019-12-13T13:42:48.681] [DEBUG] cheese - login => username:admin,password:123456
[2019-12-13T13:42:48.681] [DEBUG] cheese - admin
[2019-12-13T13:42:48.687] [DEBUG] cheese - null
[2019-12-13T13:42:48.687] [DEBUG] cheese - null
[2019-12-13T15:17:49.566] [DEBUG] cheese - login => username:admin,password:123456
[2019-12-13T15:17:49.566] [DEBUG] cheese - admin
[2019-12-13T15:17:49.571] [DEBUG] cheese - null
[2019-12-13T15:17:49.571] [DEBUG] cheese - null
[2019-12-16T11:21:53.463] [DEBUG] cheese - login => username:admin,password:123456
[2019-12-16T11:21:53.465] [DEBUG] cheese - admin
[2019-12-16T11:21:53.539] [DEBUG] cheese - null
[2019-12-16T11:21:53.540] [DEBUG] cheese - null
[2019-12-16T14:02:17.168] [DEBUG] cheese - login => username:admin,password:123456
[2019-12-16T14:02:17.169] [DEBUG] cheese - admin
[2019-12-16T14:02:17.174] [DEBUG] cheese - null
[2019-12-16T14:02:17.174] [DEBUG] cheese - null
[2019-12-17T08:51:08.410] [DEBUG] cheese - login => username:admin,password:123456
[2019-12-17T08:51:08.411] [DEBUG] cheese - admin
[2019-12-17T08:51:08.498] [DEBUG] cheese - null
[2019-12-17T08:51:08.499] [DEBUG] cheese - null
[2019-12-17T10:36:06.363] [DEBUG] cheese - null
[2019-12-17T10:36:11.742] [DEBUG] cheese - null
[2019-12-17T10:36:45.799] [DEBUG] cheese - null
[2019-12-17T10:41:21.324] [DEBUG] cheese - null
[2019-12-17T10:41:24.903] [DEBUG] cheese - null
[2019-12-17T10:41:47.357] [DEBUG] cheese - null
[2019-12-17T10:42:02.108] [DEBUG] cheese - null
[2019-12-18T08:38:28.764] [DEBUG] cheese - login => username:admin,password:123456
[2019-12-18T08:38:28.765] [DEBUG] cheese - admin
[2019-12-18T08:38:28.813] [DEBUG] cheese - null
[2019-12-18T08:38:28.813] [DEBUG] cheese - null
[2019-12-18T08:57:31.999] [DEBUG] cheese - login => username:admin,password:123456
[2019-12-18T08:57:32.000] [DEBUG] cheese - admin
[2019-12-18T08:57:32.004] [DEBUG] cheese - null
[2019-12-18T08:57:32.004] [DEBUG] cheese - null
[2019-12-18T09:32:08.306] [DEBUG] cheese - login => username:admin,password:123456
[2019-12-18T09:32:08.307] [DEBUG] cheese - admin
[2019-12-18T09:32:08.314] [DEBUG] cheese - null
[2019-12-18T09:32:08.315] [DEBUG] cheese - null
[2019-12-18T10:29:23.849] [DEBUG] cheese - login => username:admin,password:123456
[2019-12-18T10:29:23.850] [DEBUG] cheese - admin
[2019-12-18T10:29:23.855] [DEBUG] cheese - null
[2019-12-18T10:29:23.855] [DEBUG] cheese - null
[2019-12-18T18:35:35.092] [DEBUG] cheese - login => username:admin,password:123456
[2019-12-18T18:35:35.094] [DEBUG] cheese - admin
[2019-12-18T18:35:35.105] [DEBUG] cheese - null
[2019-12-18T18:35:35.106] [DEBUG] cheese - null
[2019-12-19T09:40:18.583] [DEBUG] cheese - login => username:admin,password:123456
[2019-12-19T09:40:18.584] [DEBUG] cheese - admin
[2019-12-19T09:40:18.634] [DEBUG] cheese - null
[2019-12-19T09:40:18.635] [DEBUG] cheese - null
[2019-12-19T17:49:17.575] [DEBUG] cheese - null
[2019-12-19T18:04:26.482] [DEBUG] cheese - null
[2019-12-19T18:04:43.330] [DEBUG] cheese - null
[2019-12-19T18:12:03.425] [DEBUG] cheese - null
[2019-12-19T18:29:57.988] [DEBUG] cheese - login => username:admin,password:123456
[2019-12-19T18:29:57.988] [DEBUG] cheese - admin
[2019-12-19T18:29:57.992] [DEBUG] cheese - null
[2019-12-19T18:29:57.992] [DEBUG] cheese - null
[2019-12-19T18:34:34.804] [DEBUG] cheese - login => username:admin,password:123456
[2019-12-19T18:34:34.805] [DEBUG] cheese - admin
[2019-12-19T18:34:34.809] [DEBUG] cheese - null
[2019-12-19T18:34:34.809] [DEBUG] cheese - null
[2019-12-19T18:38:36.535] [DEBUG] cheese - login => username:admin,password:123456
[2019-12-19T18:38:36.535] [DEBUG] cheese - admin
[2019-12-19T18:38:36.539] [DEBUG] cheese - null
[2019-12-19T18:38:36.539] [DEBUG] cheese - null
[2019-12-20T08:41:15.415] [DEBUG] cheese - login => username:admin,password:123456
[2019-12-20T08:41:15.419] [DEBUG] cheese - admin
[2019-12-20T08:41:15.488] [DEBUG] cheese - null
[2019-12-20T08:41:15.488] [DEBUG] cheese - null
[2019-12-20T08:48:34.788] [DEBUG] cheese - login => username:admin,password:123456
[2019-12-20T08:48:34.788] [DEBUG] cheese - admin
[2019-12-20T08:48:34.794] [DEBUG] cheese - null
[2019-12-20T08:48:34.794] [DEBUG] cheese - null
[2019-12-20T14:19:15.435] [DEBUG] cheese - login => username:admin,password:123456
[2019-12-20T14:19:15.436] [DEBUG] cheese - admin
[2019-12-20T14:19:15.454] [DEBUG] cheese - null
[2019-12-20T14:19:15.454] [DEBUG] cheese - null
[2019-12-20T14:19:20.334] [DEBUG] cheese - login => username:admin,password:123456
[2019-12-20T14:19:20.334] [DEBUG] cheese - admin
[2019-12-20T14:19:20.336] [DEBUG] cheese - null
[2019-12-20T14:19:20.336] [DEBUG] cheese - null
[2019-12-20T14:19:39.635] [DEBUG] cheese - login => username:admin,password:123456
[2019-12-20T14:19:39.636] [DEBUG] cheese - admin
[2019-12-20T14:19:39.639] [DEBUG] cheese - null
[2019-12-20T14:19:39.639] [DEBUG] cheese - null
